<?xml version="1.0" encoding="UTF-8"?>
<testsuite name="com.bridgelabz.employeepayrolltest.EmployeePayrollTest" tests="1" skipped="0" failures="0" errors="0" timestamp="2021-04-01T10:27:48" hostname="DESKTOP-2DC5FKU" time="0.041">
  <properties/>
  <testcase name="givenEmployees_ShouldWriteDataToFile()" classname="com.bridgelabz.employeepayrolltest.EmployeePayrollTest" time="0.041"/>
  <system-out><![CDATA[]]></system-out>
  <system-err><![CDATA[]]></system-err>
</testsuite>
