<?xml version="1.0" encoding="UTF-8"?>
<testsuite name="com.bridgelabz.employeepayrolltest.EmployeePayrollTest" tests="2" skipped="0" failures="0" errors="0" timestamp="2021-04-01T11:11:15" hostname="DESKTOP-2DC5FKU" time="0.061">
  <properties/>
  <testcase name="givenEmployees_ShouldWriteDataToFile_AndMatchWithTheNumberOfEntries()" classname="com.bridgelabz.employeepayrolltest.EmployeePayrollTest" time="0.052"/>
  <testcase name="givenEmployees_whenReadingFromFile_ShouldMatchWithNumOfEntries()" classname="com.bridgelabz.employeepayrolltest.EmployeePayrollTest" time="0.007"/>
  <system-out><![CDATA[id=123, name=Akash, salary=2100000.0
id=456, name=Naman, salary=1200000.0
id=789, name=Utkarsh, salary=1000000.0
]]></system-out>
  <system-err><![CDATA[]]></system-err>
</testsuite>
